<?xml version="1.0" encoding="UTF-8"?>
<testng-results ignored="0" total="3" passed="3" failed="0" skipped="0">
  <reporter-output>
  </reporter-output>
  <suite started-at="2024-03-19T18:32:05 IST" name="Surefire suite" finished-at="2024-03-19T18:32:11 IST" duration-ms="5952">
    <groups>
    </groups>
    <test started-at="2024-03-19T18:32:05 IST" name="Surefire test" finished-at="2024-03-19T18:32:11 IST" duration-ms="5952">
      <class name="api.test.APITest">
        <test-method is-config="true" signature="setup()[pri:0, instance:api.test.APITest@75329a49]" started-at="2024-03-19T18:32:05 IST" name="setup" finished-at="2024-03-19T18:32:06 IST" duration-ms="982" status="PASS">
          <reporter-output>
          </reporter-output>
        </test-method> <!-- setup -->
        <test-method signature="testPostUser()[pri:1, instance:api.test.APITest@75329a49]" started-at="2024-03-19T18:32:06 IST" name="testPostUser" finished-at="2024-03-19T18:32:10 IST" duration-ms="4121" status="PASS">
          <reporter-output>
          </reporter-output>
        </test-method> <!-- testPostUser -->
        <test-method signature="testUpdateUserByName()[pri:3, instance:api.test.APITest@75329a49]" started-at="2024-03-19T18:32:10 IST" name="testUpdateUserByName" finished-at="2024-03-19T18:32:11 IST" duration-ms="410" status="PASS">
          <reporter-output>
          </reporter-output>
        </test-method> <!-- testUpdateUserByName -->
        <test-method signature="testDeleteUserByName()[pri:4, instance:api.test.APITest@75329a49]" started-at="2024-03-19T18:32:11 IST" name="testDeleteUserByName" finished-at="2024-03-19T18:32:11 IST" duration-ms="392" status="PASS">
          <reporter-output>
          </reporter-output>
        </test-method> <!-- testDeleteUserByName -->
      </class> <!-- api.test.APITest -->
    </test> <!-- Surefire test -->
  </suite> <!-- Surefire suite -->
</testng-results>
