<?xml version="1.0" encoding="UTF-8"?>
<testsuite xmlns:xsi="http://www.w3.org/2001/XMLSchema-instance" xsi:noNamespaceSchemaLocation="https://maven.apache.org/surefire/maven-surefire-plugin/xsd/surefire-test-report-3.0.xsd" version="3.0" name="api.test.APITest" time="6.597" tests="3" errors="0" skipped="0" failures="0">
  <properties>
[...]
</properties>
  <testcase name="testPostUser" classname="api.test.APITest" time="4.126">
    <system-out><![CDATA[HTTP/1.1 201 Created
Date: Tue, 19 Mar 2024 13:02:10 GMT
Content-Type: application/json; charset=utf-8
Content-Length: 105
Connection: keep-alive
Report-To: {"group":"heroku-nel","max_age":3600,"endpoints":[{"url":"https://nel.heroku.com/reports?ts=1710853330&sid=c4c9725f-1ab0-44d8-820f-430df2718e11&s=AXnO0FSpiWY0RAGy9bJD3j%2BkoGLTpBAR6y7GRDnyl5g%3D"}]}
Reporting-Endpoints: heroku-nel=https://nel.heroku.com/reports?ts=1710853330&sid=c4c9725f-1ab0-44d8-820f-430df2718e11&s=AXnO0FSpiWY0RAGy9bJD3j%2BkoGLTpBAR6y7GRDnyl5g%3D
Nel: {"report_to":"heroku-nel","max_age":3600,"success_fraction":0.005,"failure_fraction":0.05,"response_headers":["Via"]}
X-Powered-By: Express
Access-Control-Allow-Origin: *
Etag: W/"69-teTjB2trz9AbHcrIbqj5MDAGRqk"
Via: 1.1 vegur
CF-Cache-Status: DYNAMIC
Server: cloudflare
CF-RAY: 866da7c37e851bd1-BOM

{
    "name": "lura.wisozk",
    "job": "Advertising Orchestrator",
    "id": "788",
    "createdAt": "2024-03-19T13:02:10.764Z"
}
]]></system-out>
    <system-err><![CDATA[SLF4J: Failed to load class "org.slf4j.impl.StaticLoggerBinder".
SLF4J: Defaulting to no-operation (NOP) logger implementation
SLF4J: See http://www.slf4j.org/codes.html#StaticLoggerBinder for further details.
]]></system-err>
  </testcase>
  <testcase name="testUpdateUserByName" classname="api.test.APITest" time="0.389">
    <system-out><![CDATA[{
    "name": "Margert",
    "job": "Customer Retail Agent",
    "id": 0,
    "updatedAt": "2024-03-19T13:02:11.267Z"
}
]]></system-out>
  </testcase>
  <testcase name="testDeleteUserByName" classname="api.test.APITest" time="0.386"/>
</testsuite>