<?xml version="1.0" encoding="UTF-8"?>
<testng-results ignored="0" total="3" passed="3" failed="0" skipped="0">
  <reporter-output>
  </reporter-output>
  <suite started-at="2024-03-19T17:44:41 IST" name="Default suite" finished-at="2024-03-19T17:44:46 IST" duration-ms="4549">
    <groups>
    </groups>
    <test started-at="2024-03-19T17:44:41 IST" name="Default test" finished-at="2024-03-19T17:44:46 IST" duration-ms="4549">
      <class name="api.test.APITest">
        <test-method is-config="true" signature="setup()[pri:0, instance:api.test.APITest@71d44a3]" started-at="2024-03-19T17:44:41 IST" name="setup" finished-at="2024-03-19T17:44:42 IST" duration-ms="746" status="PASS">
          <reporter-output>
          </reporter-output>
        </test-method> <!-- setup -->
        <test-method signature="testPostUser()[pri:1, instance:api.test.APITest@71d44a3]" started-at="2024-03-19T17:44:42 IST" name="testPostUser" finished-at="2024-03-19T17:44:45 IST" duration-ms="2996" status="PASS">
          <reporter-output>
          </reporter-output>
        </test-method> <!-- testPostUser -->
        <test-method signature="testUpdateUserByName()[pri:3, instance:api.test.APITest@71d44a3]" started-at="2024-03-19T17:44:45 IST" name="testUpdateUserByName" finished-at="2024-03-19T17:44:45 IST" duration-ms="399" status="PASS">
          <reporter-output>
          </reporter-output>
        </test-method> <!-- testUpdateUserByName -->
        <test-method signature="testDeleteUserByName()[pri:4, instance:api.test.APITest@71d44a3]" started-at="2024-03-19T17:44:45 IST" name="testDeleteUserByName" finished-at="2024-03-19T17:44:46 IST" duration-ms="348" status="PASS">
          <reporter-output>
          </reporter-output>
        </test-method> <!-- testDeleteUserByName -->
      </class> <!-- api.test.APITest -->
    </test> <!-- Default test -->
  </suite> <!-- Default suite -->
</testng-results>
